
=== Step 1: Fetching New York Rangers game data ===
  Fetching 2001...
    0 home games
  Fetching 2002...
    0 home games
  Fetching 2003...
    0 home games
  Fetching 2004...
    0 home games
  Fetching 2005...
    0 home games
  Fetching 2006...
    0 home games
  Fetching 2007...
    0 home games
  Fetching 2008...
    0 home games
  Fetching 2009...
    0 home games
  Fetching 2010...
    0 home games
  Fetching 2011...
    0 home games
  Fetching 2012...
    0 home games
  Fetching 2013...
    0 home games
  Fetching 2014...
    0 home games
  Fetching 2015...
    0 home games
  Fetching 2016...
    0 home games
  Fetching 2017...
    0 home games
  Fetching 2018...
    0 home games
  Fetching 2019...
    0 home games
  Fetching 2022...
    0 home games
  Fetching 2023...
    0 home games
  Fetching 2024...
    0 home games
  Fetching 2025...
    0 home games
Traceback (most recent call last):
  File "/Users/lukedaniel/Documents/GitHub/sports-attendance/sports-attendance/rangers/collect_data.py", line 41, in <module>
    main_pipeline(CONFIG)
  File "/Users/lukedaniel/Documents/GitHub/sports-attendance/sports-attendance/collect_espn.py", line 217, in main_pipeline
    df = fetch_all_seasons(
  File "/Users/lukedaniel/Documents/GitHub/sports-attendance/sports-attendance/collect_espn.py", line 102, in fetch_all_seasons
    raise RuntimeError("No game data retrieved. Check ESPN API config.")
RuntimeError: No game data retrieved. Check ESPN API config.
